<?xml version="1.0" encoding="UTF-8"?><testsuite name="nosetests" tests="1" errors="0" failures="0" skip="0"><testcase classname="test_person.TestPersonBuyConferenceTicket" name="test_succesfull_purchase" time="0.002"><system-out><![CDATA[377
Conference{'unique_id': 13, 'model': ConferenceModel, 'name': 'two', 'start_date': '1991-05-22', 'end_date': '2014-05-24', 'price': 123, 'visibility': 5715, 'topics': ['Javascript', 'Python', 'MachineLearning', 'Python', 'Java', 'Terraform', 'Kubernetes', 'Sklearn', 'DataScience', 'Javascript'], 'wealth': 124, 'ticket_sold_count': 1, 'city': None, 'tickets': []}
]]></system-out></testcase></testsuite>