<?xml version="1.0" encoding="UTF-8"?><testsuite name="nosetests" tests="1" errors="1" failures="0" skip="0"><testcase classname="test_person.TestPersonBuyConferenceTicket" name="test_person_buy_ticket_succesfull_purchase" time="0.003"><error type="builtins.AttributeError" message="'datetime.datetime' object has no attribute 'datacollector'&#10;-------------------- &gt;&gt; begin captured stdout &lt;&lt; ---------------------&#10;['machinelearning', 'sklearn', 'spark', 'scala', '', '', 'docker', 'spark', '', 'sklearn']&#10;&#10;--------------------- &gt;&gt; end captured stdout &lt;&lt; ----------------------&#10;-------------------- &gt;&gt; begin captured logging &lt;&lt; --------------------&#10;faker.factory: DEBUG: Not in REPL -&gt; leaving logger event level as is.&#10;faker.factory: DEBUG: Looking for locale `en_US` in provider `faker.providers.address`.&#10;faker.factory: DEBUG: Provider `faker.providers.address` has been localized to `en_US`.&#10;faker.factory: DEBUG: Looking for locale `en_US` in provider `faker.providers.automotive`.&#10;faker.factory: DEBUG: Provider `faker.providers.automotive` has been localized to `en_US`.&#10;faker.factory: DEBUG: Looking for locale `en_US` in provider `faker.providers.bank`.&#10;faker.factory: DEBUG: Specified locale `en_US` is not available for provider `faker.providers.bank`. Locale reset to `en_GB` for this provider.&#10;faker.factory: DEBUG: Provider `faker.providers.barcode` does not feature localization. Specified locale `en_US` is not utilized for this provider.&#10;faker.factory: DEBUG: Looking for locale `en_US` in provider `faker.providers.color`.&#10;faker.factory: DEBUG: Provider `faker.providers.color` has been localized to `en_US`.&#10;faker.factory: DEBUG: Looking for locale `en_US` in provider `faker.providers.company`.&#10;faker.factory: DEBUG: Provider `faker.providers.company` has been localized to `en_US`.&#10;faker.factory: DEBUG: Provider `faker.providers.credit_card` does not feature localization. Specified locale `en_US` is not utilized for this provider.&#10;faker.factory: DEBUG: Provider `faker.providers.currency` does not feature localization. Specified locale `en_US` is not utilized for this provider.&#10;faker.factory: DEBUG: Looking for locale `en_US` in provider `faker.providers.date_time`.&#10;faker.factory: DEBUG: Provider `faker.providers.date_time` has been localized to `en_US`.&#10;faker.factory: DEBUG: Provider `faker.providers.file` does not feature localization. Specified locale `en_US` is not utilized for this provider.&#10;faker.factory: DEBUG: Looking for locale `en_US` in provider `faker.providers.geo`.&#10;faker.factory: DEBUG: Provider `faker.providers.geo` has been localized to `en_US`.&#10;faker.factory: DEBUG: Looking for locale `en_US` in provider `faker.providers.internet`.&#10;faker.factory: DEBUG: Provider `faker.providers.internet` has been localized to `en_US`.&#10;faker.factory: DEBUG: Provider `faker.providers.isbn` does not feature localization. Specified locale `en_US` is not utilized for this provider.&#10;faker.factory: DEBUG: Looking for locale `en_US` in provider `faker.providers.job`.&#10;faker.factory: DEBUG: Provider `faker.providers.job` has been localized to `en_US`.&#10;faker.factory: DEBUG: Looking for locale `en_US` in provider `faker.providers.lorem`.&#10;faker.factory: DEBUG: Provider `faker.providers.lorem` has been localized to `en_US`.&#10;faker.factory: DEBUG: Provider `faker.providers.misc` does not feature localization. Specified locale `en_US` is not utilized for this provider.&#10;faker.factory: DEBUG: Looking for locale `en_US` in provider `faker.providers.person`.&#10;faker.factory: DEBUG: Provider `faker.providers.person` has been localized to `en_US`.&#10;faker.factory: DEBUG: Looking for locale `en_US` in provider `faker.providers.phone_number`.&#10;faker.factory: DEBUG: Provider `faker.providers.phone_number` has been localized to `en_US`.&#10;faker.factory: DEBUG: Provider `faker.providers.profile` does not feature localization. Specified locale `en_US` is not utilized for this provider.&#10;faker.factory: DEBUG: Provider `faker.providers.python` does not feature localization. Specified locale `en_US` is not utilized for this provider.&#10;faker.factory: DEBUG: Looking for locale `en_US` in provider `faker.providers.ssn`.&#10;faker.factory: DEBUG: Provider `faker.providers.ssn` has been localized to `en_US`.&#10;faker.factory: DEBUG: Provider `faker.providers.user_agent` does not feature localization. Specified locale `en_US` is not utilized for this provider.&#10;matplotlib: DEBUG: $HOME=C:\Users\admin&#10;matplotlib: DEBUG: matplotlib data path C:\Users\admin\AppData\Local\Programs\Python\Python37\lib\site-packages\matplotlib\mpl-data&#10;matplotlib: DEBUG: loaded rc file C:\Users\admin\AppData\Local\Programs\Python\Python37\lib\site-packages\matplotlib\mpl-data\matplotlibrc&#10;matplotlib: DEBUG: matplotlib version 2.2.3&#10;matplotlib: DEBUG: interactive is False&#10;matplotlib: DEBUG: platform is win32&#10;matplotlib: DEBUG: loaded modules: ['sys', 'builtins', '_frozen_importlib', '_imp', '_thread', '_warnings', '_weakref', 'zipimport', '_frozen_importlib_external', '_io', 'marshal', 'nt', 'winreg', 'encodings', 'codecs', '_codecs', 'encodings.aliases', 'encodings.utf_8', '_signal', '__main__', 'encodings.latin_1', 'io', 'abc', '_abc', 'site', 'os', 'stat', '_stat', 'ntpath', 'genericpath', 'os.path', '_collections_abc', '_sitebuiltins', '_bootlocale', '_locale', 'encodings.cp1252', 'types', 'importlib', 'importlib._bootstrap', 'importlib._bootstrap_external', 'warnings', 'importlib.util', 'importlib.abc', 'importlib.machinery', 'contextlib', 'collections', 'operator', '_operator', 'keyword', 'heapq', '_heapq', 'itertools', 'reprlib', '_collections', 'functools', '_functools', 'google', 'mpl_toolkits', 'zope', 'traceback', 'linecache', 'tokenize', 're', 'enum', 'sre_compile', '_sre', 'sre_parse', 'sre_constants', 'copyreg', 'token', 'ptvsd', 'ptvsd._vendored', 'ptvsd._vendored._util', 'ptvsd._vendored.force_pydevd', '_pydevd_bundle', '_pydevd_bundle.pydevd_constants', '__future__', '_pydevd_bundle.pydevd_vm_type', 'platform', 'subprocess', 'time', 'signal', 'errno', 'threading', '_weakrefset', 'msvcrt', '_winapi', '_pydev_imps', '_pydev_imps._pydev_saved_modules', 'socket', '_socket', 'selectors', 'collections.abc', 'math', 'select', 'queue', '_queue', 'xmlrpc', 'xmlrpc.client', 'base64', 'struct', '_struct', 'binascii', 'datetime', '_datetime', 'decimal', 'numbers', '_decimal', 'http', 'http.client', 'email', 'email.parser', 'email.feedparser', 'email.errors', 'email._policybase', 'email.header', 'email.quoprimime', 'string', '_string', 'email.base64mime', 'email.charset', 'email.encoders', 'quopri', 'email.utils', 'random', 'hashlib', '_hashlib', '_blake2', '_sha3', 'bisect', '_bisect', '_random', 'urllib', 'urllib.parse', 'email._parseaddr', 'calendar', 'locale', 'email.message', 'uu', 'email._encoded_words', 'email.iterators', 'ssl', '_ssl', 'xml', 'xml.parsers', 'xml.parsers.expat', 'pyexpat.errors', 'pyexpat.model', 'pyexpat', 'xml.parsers.expat.model', 'xml.parsers.expat.errors', 'gzip', 'zlib', '_compression', 'xmlrpc.server', 'http.server', 'copy', 'weakref', 'html', 'html.entities', 'mimetypes', 'posixpath', 'shutil', 'fnmatch', 'bz2', '_bz2', 'lzma', '_lzma', 'socketserver', 'pydoc', 'inspect', 'dis', 'opcode', '_opcode', 'pkgutil', '_pydev_bundle', '_pydev_runfiles', '_pydevd_frame_eval', 'pydev_ipython', 'pydevd_concurrency_analyser', 'pydevd_plugins', 'pkg_resources', 'zipfile', 'plistlib', 'tempfile', 'textwrap', 'pkg_resources.extern', 'pkg_resources._vendor', 'pkg_resources.extern.six', 'pkg_resources._vendor.six', 'pkg_resources.extern.six.moves', 'pkg_resources._vendor.six.moves', 'pkg_resources.py31compat', 'win32com', 'win32api', 'pythoncom', 'pywintypes', 'imp', '_win32sysloader', 'win32com.gen_py', 'win32com.shell', 'pkg_resources.extern.appdirs', 'pkg_resources._vendor.packaging.__about__', 'pkg_resources.extern.packaging', 'pkg_resources.extern.packaging.version', 'pkg_resources.extern.packaging._structures', 'pkg_resources.extern.packaging.specifiers', 'pkg_resources.extern.packaging._compat', 'pkg_resources.extern.packaging.requirements', 'pprint', 'pkg_resources.extern.pyparsing', 'pkg_resources.extern.six.moves.urllib', 'pkg_resources.extern.packaging.markers', 'sysconfig', 'pydevd', 'atexit', '_pydev_bundle.pydev_imports', '_pydev_imps._pydev_execfile', '_pydevd_bundle.pydevd_exec2', '_pydev_bundle.pydev_log', '_pydev_bundle._pydev_filesystem_encoding', '_pydev_bundle.pydev_is_thread_alive', '_pydev_bundle.pydev_override', '_pydevd_bundle.pydevd_extension_utils', 'pydevd_plugins.extensions', '_pydevd_bundle.pydevd_filtering', 'glob', 'pydevd_file_utils', '_pydevd_bundle.pydevd_comm_constants', 'json', 'json.decoder', 'json.scanner', '_json', 'json.encoder', 'ctypes', '_ctypes', 'ctypes._endian', 'ctypes.wintypes', '_pydevd_bundle.pydevd_io', '_pydevd_bundle.pydevd_utils', '_pydevd_bundle.pydevd_additional_thread_info', '_pydevd_bundle.pydevd_additional_thread_info_regular', '_pydevd_bundle.pydevd_frame', '_pydevd_bundle.pydevd_dont_trace', '_pydevd_bundle.pydevd_vars', 'pickle', '_compat_pickle', '_pickle', '_pydevd_bundle.pydevd_xml', '_pydevd_bundle.pydevd_resolver', '_pydevd_bundle.pydevd_safe_repr', '_pydevd_bundle.pydevd_extension_api', '_pydevd_bundle.pydevd_save_locals', '_pydevd_bundle.pydevd_frame_utils', '_pydevd_bundle.pydevd_signature', 'trace', 'gc', '_pydevd_bundle.pydevd_comm', '_pydev_bundle._pydev_completer', 'pydevconsole', 'code', 'codeop', '_pydev_bundle.pydev_console_utils', '_pydev_bundle._pydev_calltip_util', '_pydev_bundle._pydev_imports_tipper', '_pydev_bundle._pydev_tipper_common', '_pydev_bundle.pydev_umd', '_pydevd_bundle._debug_adapter', '_pydevd_bundle._debug_adapter.pydevd_schema', '_pydevd_bundle._debug_adapter.pydevd_base_schema', '_pydevd_bundle._debug_adapter.pydevd_schema_log', '_pydevd_bundle.pydevd_net_command', 'pydevd_tracing', '_pydevd_bundle.pydevd_console', '_pydev_bundle.pydev_monkey', '_pydevd_bundle.pydevd_breakpoints', '_pydevd_bundle.pydevd_import_class', '_pydevd_bundle.pydevd_custom_frames', '_pydevd_bundle.pydevd_dont_trace_files', '_pydevd_bundle.pydevd_kill_all_pydevd_threads', '_pydevd_bundle.pydevd_net_command_factory_xml', '_pydevd_bundle.pydevd_trace_dispatch', '_pydevd_bundle.pydevd_trace_dispatch_regular', '_pydevd_frame_eval.pydevd_frame_eval_main', 'pydevd_concurrency_analyser.pydevd_concurrency_logger', 'pydevd_concurrency_analyser.pydevd_thread_wrappers', 'asyncio', 'asyncio.base_events', 'concurrent', 'concurrent.futures', 'concurrent.futures._base', 'logging', 'asyncio.constants', 'asyncio.coroutines', 'asyncio.base_futures', 'asyncio.format_helpers', 'asyncio.log', 'asyncio.events', 'contextvars', '_contextvars', 'asyncio.base_tasks', '_asyncio', 'asyncio.futures', 'asyncio.protocols', 'asyncio.sslproto', 'asyncio.transports', 'asyncio.tasks', 'asyncio.locks', 'asyncio.runners', 'asyncio.queues', 'asyncio.streams', 'asyncio.subprocess', 'asyncio.windows_events', '_overlapped', 'asyncio.base_subprocess', 'asyncio.proactor_events', 'asyncio.selector_events', 'asyncio.windows_utils', '_pydevd_bundle.pydevd_collect_try_except_info', '_pydevd_bundle.pydevd_suspended_frames', '_pydevd_bundle.pydevd_api', '_pydevd_bundle.pydevd_net_command_factory_json', '_pydevd_bundle.pydevd_plugin_utils', '_pydevd_bundle.pydevd_trace_api', 'pydevd_plugins.django_debug', 'pydevd_plugins.jinja2_debug', 'pydevd_plugins.extensions.types', 'pydevd_plugins.extensions.types.pydevd_plugin_numpy_types', 'pydevd_plugins.extensions.types.pydevd_helpers', 'pydevd_plugins.extensions.types.pydevd_plugins_django_form_str', 'ptvsd.version', 'ptvsd._version', 'ptvsd.attach_server', 'ptvsd.log', 'ptvsd.options', 'ptvsd._remote', 'ptvsd._util', 'ptvsd.pydevd_hooks', 'ptvsd.multiproc', 'ptvsd.socket', 'ptvsd.messaging', 'ptvsd.daemon', 'ptvsd.wrapper', 'ptvsd.compat', 'ptvsd.ipcjson', 'encodings.ascii', 'ptvsd.futures', 'ptvsd.reraise', 'ptvsd.reraise3', 'ptvsd.exit_handlers', 'ptvsd.session', 'ptvsd.__main__', 'runpy', 'ptvsd.runner', '_pydevd_bundle.pydevd_process_net_command_json', '_pydevd_bundle.pydevd_json_debug_options', '_pydevd_bundle.pydevd_process_net_command', '_pydevd_bundle.pydevd_traceproperty', 'nose', 'nose.core', 'unittest', 'unittest.result', 'unittest.util', 'unittest.case', 'difflib', 'unittest.suite', 'unittest.loader', 'unittest.main', 'argparse', 'gettext', 'unittest.runner', 'unittest.signals', 'nose.config', 'optparse', 'configparser', 'nose.util', 'nose.pyversion', 'nose.plugins', 'nose.plugins.base', 'nose.plugins.manager', 'nose.failure', 'nose.plugins.plugintest', 'multiprocessing', 'multiprocessing.context', 'multiprocessing.process', 'multiprocessing.reduction', '__mp_main__', 'nose.loader', 'nose.case', 'nose.importer', 'nose.selector', 'nose.suite', 'nose.proxy', 'nose.result', 'nose.exc', 'nose.plugins.skip', 'nose.plugins.errorclass', 'nose.plugins.deprecated', 'nose.tools', 'nose.tools.nontrivial', 'nose.tools.trivial', 'nose.plugins.builtin', 'nose.plugins.attrib', 'nose.plugins.capture', 'nose.plugins.logcapture', 'nose.plugins.cover', 'nose.plugins.debug', 'pdb', 'cmd', 'bdb', 'nose.plugins.doctests', 'doctest', 'nose.plugins.isolate', 'nose.plugins.failuredetail', 'nose.inspector', 'nose.plugins.prof', 'nose.plugins.testid', 'nose.plugins.multiprocess', 'nose.plugins.xunit', 'xml.sax', 'xml.sax.xmlreader', 'xml.sax.handler', 'xml.sax._exceptions', 'xml.sax.saxutils', 'urllib.request', 'urllib.error', 'urllib.response', 'nturl2path', 'nose.plugins.allmodules', 'nose.plugins.collect', 'test_person', 'conference_market', 'conference_market.agents', 'typing', 'typing.io', 'typing.re', 'numpy', 'numpy._globals', 'numpy.__config__', 'numpy.version', 'numpy._distributor_init', 'numpy.core', 'numpy.core.info', 'numpy.core.multiarray', 'numpy.core.overrides', 'numpy.core._multiarray_umath', 'numpy.compat', 'numpy.compat._inspect', 'numpy.compat.py3k', 'pathlib', 'numpy.core.umath', 'numpy.core._internal', 'numpy.core.numerictypes', 'numpy.core._string_helpers', 'numpy.core._type_aliases', 'numpy.core._dtype', 'numpy.core.numeric', 'numpy.core.fromnumeric', 'numpy.core._methods', 'numpy.core.arrayprint', 'numpy.core.defchararray', 'numpy.core.records', 'numpy.core.memmap', 'numpy.core.function_base', 'numpy.core.machar', 'numpy.core.getlimits', 'numpy.core.shape_base', 'numpy.core.einsumfunc', 'numpy.core._add_newdocs', 'numpy.core._multiarray_tests', 'numpy._pytesttester', 'numpy.lib', 'numpy.lib.info', 'numpy.lib.type_check', 'numpy.lib.ufunclike', 'numpy.lib.index_tricks', 'numpy.matrixlib', 'numpy.matrixlib.defmatrix', 'ast', '_ast', 'numpy.linalg', 'numpy.linalg.info', 'numpy.linalg.linalg', 'numpy.lib.twodim_base', 'numpy.linalg.lapack_lite', 'numpy.linalg._umath_linalg', 'numpy.lib.function_base', 'numpy.lib.utils', 'numpy.lib.histograms', 'numpy.lib.stride_tricks', 'numpy.lib.mixins', 'numpy.lib.nanfunctions', 'numpy.lib.shape_base', 'numpy.lib.scimath', 'numpy.lib.polynomial', 'numpy.lib.arraysetops', 'numpy.lib.npyio', 'numpy.lib.format', 'numpy.lib._datasource', 'numpy.lib._iotools', 'numpy.lib.financial', 'numpy.lib.arrayterator', 'numpy.lib.arraypad', 'numpy.lib._version', 'numpy.fft', 'numpy.fft.info', 'numpy.fft.fftpack', 'numpy.fft.fftpack_lite', 'numpy.fft.helper', 'numpy.polynomial', 'numpy.polynomial.polynomial', 'numpy.polynomial.polyutils', 'numpy.polynomial._polybase', 'numpy.polynomial.chebyshev', 'numpy.polynomial.legendre', 'numpy.polynomial.hermite', 'numpy.polynomial.hermite_e', 'numpy.polynomial.laguerre', 'numpy.random', 'numpy.random.mtrand', 'cython_runtime', 'mtrand', 'numpy.ctypeslib', 'numpy.core._dtype_ctypes', 'numpy.ma', 'numpy.ma.core', 'numpy.ma.extras', 'numpy.testing', 'numpy.testing._private', 'numpy.testing._private.utils', 'numpy.testing._private.decorators', 'numpy.testing._private.nosetester', 'fuzzywuzzy', 'fuzzywuzzy.fuzz', 'fuzzywuzzy.StringMatcher', 'Levenshtein', 'Levenshtein._levenshtein', 'fuzzywuzzy.utils', 'fuzzywuzzy.string_processing', 'mesa', 'mesa.model', 'mesa.agent', 'conference_market.models', 'facebook', 'conference_market.utils', 'yaml', 'yaml.error', 'yaml.tokens', 'yaml.events', 'yaml.nodes', 'yaml.loader', 'yaml.reader', 'yaml.scanner', 'yaml.parser', 'yaml.composer', 'yaml.constructor', 'yaml.resolver', 'yaml.dumper', 'yaml.emitter', 'yaml.serializer', 'yaml.representer', 'yaml.cyaml', '_yaml', 'csv', '_csv', 'conference_market.faker_provider', 'faker', 'faker.generator', 'faker.factory', 'faker.config', 'faker.utils', 'faker.utils.loading', 'faker.providers', 'faker.utils.distribution', 'faker.providers.address', 'faker.providers.date_time', 'dateutil', 'dateutil._version', 'dateutil.relativedelta', 'six', 'dateutil._common', 'dateutil.tz', 'dateutil.tz.tz', 'dateutil.tz._common', 'dateutil.tz.win', 'six.moves', 'faker.utils.datetime_safe', 'faker.providers.automotive', 'faker.providers.bank', 'faker.providers.barcode', 'faker.providers.color', 'faker.providers.company', 'faker.providers.credit_card', 'faker.providers.currency', 'faker.providers.file', 'faker.providers.geo', 'faker.providers.internet', 'text_unidecode', 'ipaddress', 'faker.utils.decorators', 'faker.utils.text', 'unicodedata', 'faker.providers.isbn', 'faker.providers.isbn.isbn', 'faker.providers.isbn.rules', 'faker.providers.job', 'faker.providers.lorem', 'faker.providers.misc', 'uuid', 'faker.providers.person', 'faker.providers.phone_number', 'faker.providers.profile', 'faker.providers.python', 'faker.providers.ssn', 'faker.providers.user_agent', 'faker.providers.address.en_US', 'faker.providers.address.en', 'faker.providers.automotive.en_US', 'faker.providers.bank.en_GB', 'faker.providers.color.en_US', 'faker.providers.company.en_US', 'faker.providers.date_time.en_US', 'faker.providers.geo.en_US', 'faker.providers.internet.en_US', 'faker.providers.job.en_US', 'faker.providers.lorem.en_US', 'faker.providers.person.en_US', 'faker.providers.phone_number.en_US', 'faker.providers.ssn.en_US', 'conference_market.model', 'matplotlib', 'distutils', 'distutils.version', 'matplotlib.cbook', 'matplotlib.cbook.deprecation', 'matplotlib.cbook._backports', 'matplotlib.compat', 'matplotlib.compat.subprocess', 'matplotlib.rcsetup', 'matplotlib.testing', 'matplotlib.fontconfig_pattern', 'pyparsing', 'matplotlib.colors', 'matplotlib._color_data', 'cycler', 'six.moves.urllib', 'six.moves.urllib.request', 'matplotlib._version']&#10;matplotlib: DEBUG: CACHEDIR=C:\Users\admin\.matplotlib&#10;matplotlib.font_manager: DEBUG: Using fontManager instance from C:\Users\admin\.matplotlib\fontList.json&#10;matplotlib.backends: DEBUG: backend TkAgg version unknown&#10;root: INFO: 'create_logger'  0.00 ms&#10;root: DEBUG: Person with interests arrays,sql,function,function,maven,asp.net,shell is buying a ticket to PyConLT&#10;--------------------- &gt;&gt; end captured logging &lt;&lt; ---------------------"><![CDATA[  File "C:\Users\admin\AppData\Local\Programs\Python\Python37\lib\unittest\case.py", line 59, in testPartExecutor
    yield
  File "C:\Users\admin\AppData\Local\Programs\Python\Python37\lib\unittest\case.py", line 615, in run
    testMethod()
  File "d:\coding-abm\conference-market-abm\tests\test_person.py", line 37, in test_person_buy_ticket_succesfull_purchase
    self.person.buy_conference_ticket(self.conference)
  File "d:\coding-abm\conference-market-abm\conference_market\agents.py", line 200, in buy_conference_ticket
    self._report_purchase(conference)
  File "d:\coding-abm\conference-market-abm\conference_market\agents.py", line 237, in _report_purchase
    self.model.datacollector.add_table_row(
'datetime.datetime' object has no attribute 'datacollector'
-------------------- >> begin captured stdout << ---------------------
['machinelearning', 'sklearn', 'spark', 'scala', '', '', 'docker', 'spark', '', 'sklearn']

--------------------- >> end captured stdout << ----------------------
-------------------- >> begin captured logging << --------------------
faker.factory: DEBUG: Not in REPL -> leaving logger event level as is.
faker.factory: DEBUG: Looking for locale `en_US` in provider `faker.providers.address`.
faker.factory: DEBUG: Provider `faker.providers.address` has been localized to `en_US`.
faker.factory: DEBUG: Looking for locale `en_US` in provider `faker.providers.automotive`.
faker.factory: DEBUG: Provider `faker.providers.automotive` has been localized to `en_US`.
faker.factory: DEBUG: Looking for locale `en_US` in provider `faker.providers.bank`.
faker.factory: DEBUG: Specified locale `en_US` is not available for provider `faker.providers.bank`. Locale reset to `en_GB` for this provider.
faker.factory: DEBUG: Provider `faker.providers.barcode` does not feature localization. Specified locale `en_US` is not utilized for this provider.
faker.factory: DEBUG: Looking for locale `en_US` in provider `faker.providers.color`.
faker.factory: DEBUG: Provider `faker.providers.color` has been localized to `en_US`.
faker.factory: DEBUG: Looking for locale `en_US` in provider `faker.providers.company`.
faker.factory: DEBUG: Provider `faker.providers.company` has been localized to `en_US`.
faker.factory: DEBUG: Provider `faker.providers.credit_card` does not feature localization. Specified locale `en_US` is not utilized for this provider.
faker.factory: DEBUG: Provider `faker.providers.currency` does not feature localization. Specified locale `en_US` is not utilized for this provider.
faker.factory: DEBUG: Looking for locale `en_US` in provider `faker.providers.date_time`.
faker.factory: DEBUG: Provider `faker.providers.date_time` has been localized to `en_US`.
faker.factory: DEBUG: Provider `faker.providers.file` does not feature localization. Specified locale `en_US` is not utilized for this provider.
faker.factory: DEBUG: Looking for locale `en_US` in provider `faker.providers.geo`.
faker.factory: DEBUG: Provider `faker.providers.geo` has been localized to `en_US`.
faker.factory: DEBUG: Looking for locale `en_US` in provider `faker.providers.internet`.
faker.factory: DEBUG: Provider `faker.providers.internet` has been localized to `en_US`.
faker.factory: DEBUG: Provider `faker.providers.isbn` does not feature localization. Specified locale `en_US` is not utilized for this provider.
faker.factory: DEBUG: Looking for locale `en_US` in provider `faker.providers.job`.
faker.factory: DEBUG: Provider `faker.providers.job` has been localized to `en_US`.
faker.factory: DEBUG: Looking for locale `en_US` in provider `faker.providers.lorem`.
faker.factory: DEBUG: Provider `faker.providers.lorem` has been localized to `en_US`.
faker.factory: DEBUG: Provider `faker.providers.misc` does not feature localization. Specified locale `en_US` is not utilized for this provider.
faker.factory: DEBUG: Looking for locale `en_US` in provider `faker.providers.person`.
faker.factory: DEBUG: Provider `faker.providers.person` has been localized to `en_US`.
faker.factory: DEBUG: Looking for locale `en_US` in provider `faker.providers.phone_number`.
faker.factory: DEBUG: Provider `faker.providers.phone_number` has been localized to `en_US`.
faker.factory: DEBUG: Provider `faker.providers.profile` does not feature localization. Specified locale `en_US` is not utilized for this provider.
faker.factory: DEBUG: Provider `faker.providers.python` does not feature localization. Specified locale `en_US` is not utilized for this provider.
faker.factory: DEBUG: Looking for locale `en_US` in provider `faker.providers.ssn`.
faker.factory: DEBUG: Provider `faker.providers.ssn` has been localized to `en_US`.
faker.factory: DEBUG: Provider `faker.providers.user_agent` does not feature localization. Specified locale `en_US` is not utilized for this provider.
matplotlib: DEBUG: $HOME=C:\Users\admin
matplotlib: DEBUG: matplotlib data path C:\Users\admin\AppData\Local\Programs\Python\Python37\lib\site-packages\matplotlib\mpl-data
matplotlib: DEBUG: loaded rc file C:\Users\admin\AppData\Local\Programs\Python\Python37\lib\site-packages\matplotlib\mpl-data\matplotlibrc
matplotlib: DEBUG: matplotlib version 2.2.3
matplotlib: DEBUG: interactive is False
matplotlib: DEBUG: platform is win32
matplotlib: DEBUG: loaded modules: ['sys', 'builtins', '_frozen_importlib', '_imp', '_thread', '_warnings', '_weakref', 'zipimport', '_frozen_importlib_external', '_io', 'marshal', 'nt', 'winreg', 'encodings', 'codecs', '_codecs', 'encodings.aliases', 'encodings.utf_8', '_signal', '__main__', 'encodings.latin_1', 'io', 'abc', '_abc', 'site', 'os', 'stat', '_stat', 'ntpath', 'genericpath', 'os.path', '_collections_abc', '_sitebuiltins', '_bootlocale', '_locale', 'encodings.cp1252', 'types', 'importlib', 'importlib._bootstrap', 'importlib._bootstrap_external', 'warnings', 'importlib.util', 'importlib.abc', 'importlib.machinery', 'contextlib', 'collections', 'operator', '_operator', 'keyword', 'heapq', '_heapq', 'itertools', 'reprlib', '_collections', 'functools', '_functools', 'google', 'mpl_toolkits', 'zope', 'traceback', 'linecache', 'tokenize', 're', 'enum', 'sre_compile', '_sre', 'sre_parse', 'sre_constants', 'copyreg', 'token', 'ptvsd', 'ptvsd._vendored', 'ptvsd._vendored._util', 'ptvsd._vendored.force_pydevd', '_pydevd_bundle', '_pydevd_bundle.pydevd_constants', '__future__', '_pydevd_bundle.pydevd_vm_type', 'platform', 'subprocess', 'time', 'signal', 'errno', 'threading', '_weakrefset', 'msvcrt', '_winapi', '_pydev_imps', '_pydev_imps._pydev_saved_modules', 'socket', '_socket', 'selectors', 'collections.abc', 'math', 'select', 'queue', '_queue', 'xmlrpc', 'xmlrpc.client', 'base64', 'struct', '_struct', 'binascii', 'datetime', '_datetime', 'decimal', 'numbers', '_decimal', 'http', 'http.client', 'email', 'email.parser', 'email.feedparser', 'email.errors', 'email._policybase', 'email.header', 'email.quoprimime', 'string', '_string', 'email.base64mime', 'email.charset', 'email.encoders', 'quopri', 'email.utils', 'random', 'hashlib', '_hashlib', '_blake2', '_sha3', 'bisect', '_bisect', '_random', 'urllib', 'urllib.parse', 'email._parseaddr', 'calendar', 'locale', 'email.message', 'uu', 'email._encoded_words', 'email.iterators', 'ssl', '_ssl', 'xml', 'xml.parsers', 'xml.parsers.expat', 'pyexpat.errors', 'pyexpat.model', 'pyexpat', 'xml.parsers.expat.model', 'xml.parsers.expat.errors', 'gzip', 'zlib', '_compression', 'xmlrpc.server', 'http.server', 'copy', 'weakref', 'html', 'html.entities', 'mimetypes', 'posixpath', 'shutil', 'fnmatch', 'bz2', '_bz2', 'lzma', '_lzma', 'socketserver', 'pydoc', 'inspect', 'dis', 'opcode', '_opcode', 'pkgutil', '_pydev_bundle', '_pydev_runfiles', '_pydevd_frame_eval', 'pydev_ipython', 'pydevd_concurrency_analyser', 'pydevd_plugins', 'pkg_resources', 'zipfile', 'plistlib', 'tempfile', 'textwrap', 'pkg_resources.extern', 'pkg_resources._vendor', 'pkg_resources.extern.six', 'pkg_resources._vendor.six', 'pkg_resources.extern.six.moves', 'pkg_resources._vendor.six.moves', 'pkg_resources.py31compat', 'win32com', 'win32api', 'pythoncom', 'pywintypes', 'imp', '_win32sysloader', 'win32com.gen_py', 'win32com.shell', 'pkg_resources.extern.appdirs', 'pkg_resources._vendor.packaging.__about__', 'pkg_resources.extern.packaging', 'pkg_resources.extern.packaging.version', 'pkg_resources.extern.packaging._structures', 'pkg_resources.extern.packaging.specifiers', 'pkg_resources.extern.packaging._compat', 'pkg_resources.extern.packaging.requirements', 'pprint', 'pkg_resources.extern.pyparsing', 'pkg_resources.extern.six.moves.urllib', 'pkg_resources.extern.packaging.markers', 'sysconfig', 'pydevd', 'atexit', '_pydev_bundle.pydev_imports', '_pydev_imps._pydev_execfile', '_pydevd_bundle.pydevd_exec2', '_pydev_bundle.pydev_log', '_pydev_bundle._pydev_filesystem_encoding', '_pydev_bundle.pydev_is_thread_alive', '_pydev_bundle.pydev_override', '_pydevd_bundle.pydevd_extension_utils', 'pydevd_plugins.extensions', '_pydevd_bundle.pydevd_filtering', 'glob', 'pydevd_file_utils', '_pydevd_bundle.pydevd_comm_constants', 'json', 'json.decoder', 'json.scanner', '_json', 'json.encoder', 'ctypes', '_ctypes', 'ctypes._endian', 'ctypes.wintypes', '_pydevd_bundle.pydevd_io', '_pydevd_bundle.pydevd_utils', '_pydevd_bundle.pydevd_additional_thread_info', '_pydevd_bundle.pydevd_additional_thread_info_regular', '_pydevd_bundle.pydevd_frame', '_pydevd_bundle.pydevd_dont_trace', '_pydevd_bundle.pydevd_vars', 'pickle', '_compat_pickle', '_pickle', '_pydevd_bundle.pydevd_xml', '_pydevd_bundle.pydevd_resolver', '_pydevd_bundle.pydevd_safe_repr', '_pydevd_bundle.pydevd_extension_api', '_pydevd_bundle.pydevd_save_locals', '_pydevd_bundle.pydevd_frame_utils', '_pydevd_bundle.pydevd_signature', 'trace', 'gc', '_pydevd_bundle.pydevd_comm', '_pydev_bundle._pydev_completer', 'pydevconsole', 'code', 'codeop', '_pydev_bundle.pydev_console_utils', '_pydev_bundle._pydev_calltip_util', '_pydev_bundle._pydev_imports_tipper', '_pydev_bundle._pydev_tipper_common', '_pydev_bundle.pydev_umd', '_pydevd_bundle._debug_adapter', '_pydevd_bundle._debug_adapter.pydevd_schema', '_pydevd_bundle._debug_adapter.pydevd_base_schema', '_pydevd_bundle._debug_adapter.pydevd_schema_log', '_pydevd_bundle.pydevd_net_command', 'pydevd_tracing', '_pydevd_bundle.pydevd_console', '_pydev_bundle.pydev_monkey', '_pydevd_bundle.pydevd_breakpoints', '_pydevd_bundle.pydevd_import_class', '_pydevd_bundle.pydevd_custom_frames', '_pydevd_bundle.pydevd_dont_trace_files', '_pydevd_bundle.pydevd_kill_all_pydevd_threads', '_pydevd_bundle.pydevd_net_command_factory_xml', '_pydevd_bundle.pydevd_trace_dispatch', '_pydevd_bundle.pydevd_trace_dispatch_regular', '_pydevd_frame_eval.pydevd_frame_eval_main', 'pydevd_concurrency_analyser.pydevd_concurrency_logger', 'pydevd_concurrency_analyser.pydevd_thread_wrappers', 'asyncio', 'asyncio.base_events', 'concurrent', 'concurrent.futures', 'concurrent.futures._base', 'logging', 'asyncio.constants', 'asyncio.coroutines', 'asyncio.base_futures', 'asyncio.format_helpers', 'asyncio.log', 'asyncio.events', 'contextvars', '_contextvars', 'asyncio.base_tasks', '_asyncio', 'asyncio.futures', 'asyncio.protocols', 'asyncio.sslproto', 'asyncio.transports', 'asyncio.tasks', 'asyncio.locks', 'asyncio.runners', 'asyncio.queues', 'asyncio.streams', 'asyncio.subprocess', 'asyncio.windows_events', '_overlapped', 'asyncio.base_subprocess', 'asyncio.proactor_events', 'asyncio.selector_events', 'asyncio.windows_utils', '_pydevd_bundle.pydevd_collect_try_except_info', '_pydevd_bundle.pydevd_suspended_frames', '_pydevd_bundle.pydevd_api', '_pydevd_bundle.pydevd_net_command_factory_json', '_pydevd_bundle.pydevd_plugin_utils', '_pydevd_bundle.pydevd_trace_api', 'pydevd_plugins.django_debug', 'pydevd_plugins.jinja2_debug', 'pydevd_plugins.extensions.types', 'pydevd_plugins.extensions.types.pydevd_plugin_numpy_types', 'pydevd_plugins.extensions.types.pydevd_helpers', 'pydevd_plugins.extensions.types.pydevd_plugins_django_form_str', 'ptvsd.version', 'ptvsd._version', 'ptvsd.attach_server', 'ptvsd.log', 'ptvsd.options', 'ptvsd._remote', 'ptvsd._util', 'ptvsd.pydevd_hooks', 'ptvsd.multiproc', 'ptvsd.socket', 'ptvsd.messaging', 'ptvsd.daemon', 'ptvsd.wrapper', 'ptvsd.compat', 'ptvsd.ipcjson', 'encodings.ascii', 'ptvsd.futures', 'ptvsd.reraise', 'ptvsd.reraise3', 'ptvsd.exit_handlers', 'ptvsd.session', 'ptvsd.__main__', 'runpy', 'ptvsd.runner', '_pydevd_bundle.pydevd_process_net_command_json', '_pydevd_bundle.pydevd_json_debug_options', '_pydevd_bundle.pydevd_process_net_command', '_pydevd_bundle.pydevd_traceproperty', 'nose', 'nose.core', 'unittest', 'unittest.result', 'unittest.util', 'unittest.case', 'difflib', 'unittest.suite', 'unittest.loader', 'unittest.main', 'argparse', 'gettext', 'unittest.runner', 'unittest.signals', 'nose.config', 'optparse', 'configparser', 'nose.util', 'nose.pyversion', 'nose.plugins', 'nose.plugins.base', 'nose.plugins.manager', 'nose.failure', 'nose.plugins.plugintest', 'multiprocessing', 'multiprocessing.context', 'multiprocessing.process', 'multiprocessing.reduction', '__mp_main__', 'nose.loader', 'nose.case', 'nose.importer', 'nose.selector', 'nose.suite', 'nose.proxy', 'nose.result', 'nose.exc', 'nose.plugins.skip', 'nose.plugins.errorclass', 'nose.plugins.deprecated', 'nose.tools', 'nose.tools.nontrivial', 'nose.tools.trivial', 'nose.plugins.builtin', 'nose.plugins.attrib', 'nose.plugins.capture', 'nose.plugins.logcapture', 'nose.plugins.cover', 'nose.plugins.debug', 'pdb', 'cmd', 'bdb', 'nose.plugins.doctests', 'doctest', 'nose.plugins.isolate', 'nose.plugins.failuredetail', 'nose.inspector', 'nose.plugins.prof', 'nose.plugins.testid', 'nose.plugins.multiprocess', 'nose.plugins.xunit', 'xml.sax', 'xml.sax.xmlreader', 'xml.sax.handler', 'xml.sax._exceptions', 'xml.sax.saxutils', 'urllib.request', 'urllib.error', 'urllib.response', 'nturl2path', 'nose.plugins.allmodules', 'nose.plugins.collect', 'test_person', 'conference_market', 'conference_market.agents', 'typing', 'typing.io', 'typing.re', 'numpy', 'numpy._globals', 'numpy.__config__', 'numpy.version', 'numpy._distributor_init', 'numpy.core', 'numpy.core.info', 'numpy.core.multiarray', 'numpy.core.overrides', 'numpy.core._multiarray_umath', 'numpy.compat', 'numpy.compat._inspect', 'numpy.compat.py3k', 'pathlib', 'numpy.core.umath', 'numpy.core._internal', 'numpy.core.numerictypes', 'numpy.core._string_helpers', 'numpy.core._type_aliases', 'numpy.core._dtype', 'numpy.core.numeric', 'numpy.core.fromnumeric', 'numpy.core._methods', 'numpy.core.arrayprint', 'numpy.core.defchararray', 'numpy.core.records', 'numpy.core.memmap', 'numpy.core.function_base', 'numpy.core.machar', 'numpy.core.getlimits', 'numpy.core.shape_base', 'numpy.core.einsumfunc', 'numpy.core._add_newdocs', 'numpy.core._multiarray_tests', 'numpy._pytesttester', 'numpy.lib', 'numpy.lib.info', 'numpy.lib.type_check', 'numpy.lib.ufunclike', 'numpy.lib.index_tricks', 'numpy.matrixlib', 'numpy.matrixlib.defmatrix', 'ast', '_ast', 'numpy.linalg', 'numpy.linalg.info', 'numpy.linalg.linalg', 'numpy.lib.twodim_base', 'numpy.linalg.lapack_lite', 'numpy.linalg._umath_linalg', 'numpy.lib.function_base', 'numpy.lib.utils', 'numpy.lib.histograms', 'numpy.lib.stride_tricks', 'numpy.lib.mixins', 'numpy.lib.nanfunctions', 'numpy.lib.shape_base', 'numpy.lib.scimath', 'numpy.lib.polynomial', 'numpy.lib.arraysetops', 'numpy.lib.npyio', 'numpy.lib.format', 'numpy.lib._datasource', 'numpy.lib._iotools', 'numpy.lib.financial', 'numpy.lib.arrayterator', 'numpy.lib.arraypad', 'numpy.lib._version', 'numpy.fft', 'numpy.fft.info', 'numpy.fft.fftpack', 'numpy.fft.fftpack_lite', 'numpy.fft.helper', 'numpy.polynomial', 'numpy.polynomial.polynomial', 'numpy.polynomial.polyutils', 'numpy.polynomial._polybase', 'numpy.polynomial.chebyshev', 'numpy.polynomial.legendre', 'numpy.polynomial.hermite', 'numpy.polynomial.hermite_e', 'numpy.polynomial.laguerre', 'numpy.random', 'numpy.random.mtrand', 'cython_runtime', 'mtrand', 'numpy.ctypeslib', 'numpy.core._dtype_ctypes', 'numpy.ma', 'numpy.ma.core', 'numpy.ma.extras', 'numpy.testing', 'numpy.testing._private', 'numpy.testing._private.utils', 'numpy.testing._private.decorators', 'numpy.testing._private.nosetester', 'fuzzywuzzy', 'fuzzywuzzy.fuzz', 'fuzzywuzzy.StringMatcher', 'Levenshtein', 'Levenshtein._levenshtein', 'fuzzywuzzy.utils', 'fuzzywuzzy.string_processing', 'mesa', 'mesa.model', 'mesa.agent', 'conference_market.models', 'facebook', 'conference_market.utils', 'yaml', 'yaml.error', 'yaml.tokens', 'yaml.events', 'yaml.nodes', 'yaml.loader', 'yaml.reader', 'yaml.scanner', 'yaml.parser', 'yaml.composer', 'yaml.constructor', 'yaml.resolver', 'yaml.dumper', 'yaml.emitter', 'yaml.serializer', 'yaml.representer', 'yaml.cyaml', '_yaml', 'csv', '_csv', 'conference_market.faker_provider', 'faker', 'faker.generator', 'faker.factory', 'faker.config', 'faker.utils', 'faker.utils.loading', 'faker.providers', 'faker.utils.distribution', 'faker.providers.address', 'faker.providers.date_time', 'dateutil', 'dateutil._version', 'dateutil.relativedelta', 'six', 'dateutil._common', 'dateutil.tz', 'dateutil.tz.tz', 'dateutil.tz._common', 'dateutil.tz.win', 'six.moves', 'faker.utils.datetime_safe', 'faker.providers.automotive', 'faker.providers.bank', 'faker.providers.barcode', 'faker.providers.color', 'faker.providers.company', 'faker.providers.credit_card', 'faker.providers.currency', 'faker.providers.file', 'faker.providers.geo', 'faker.providers.internet', 'text_unidecode', 'ipaddress', 'faker.utils.decorators', 'faker.utils.text', 'unicodedata', 'faker.providers.isbn', 'faker.providers.isbn.isbn', 'faker.providers.isbn.rules', 'faker.providers.job', 'faker.providers.lorem', 'faker.providers.misc', 'uuid', 'faker.providers.person', 'faker.providers.phone_number', 'faker.providers.profile', 'faker.providers.python', 'faker.providers.ssn', 'faker.providers.user_agent', 'faker.providers.address.en_US', 'faker.providers.address.en', 'faker.providers.automotive.en_US', 'faker.providers.bank.en_GB', 'faker.providers.color.en_US', 'faker.providers.company.en_US', 'faker.providers.date_time.en_US', 'faker.providers.geo.en_US', 'faker.providers.internet.en_US', 'faker.providers.job.en_US', 'faker.providers.lorem.en_US', 'faker.providers.person.en_US', 'faker.providers.phone_number.en_US', 'faker.providers.ssn.en_US', 'conference_market.model', 'matplotlib', 'distutils', 'distutils.version', 'matplotlib.cbook', 'matplotlib.cbook.deprecation', 'matplotlib.cbook._backports', 'matplotlib.compat', 'matplotlib.compat.subprocess', 'matplotlib.rcsetup', 'matplotlib.testing', 'matplotlib.fontconfig_pattern', 'pyparsing', 'matplotlib.colors', 'matplotlib._color_data', 'cycler', 'six.moves.urllib', 'six.moves.urllib.request', 'matplotlib._version']
matplotlib: DEBUG: CACHEDIR=C:\Users\admin\.matplotlib
matplotlib.font_manager: DEBUG: Using fontManager instance from C:\Users\admin\.matplotlib\fontList.json
matplotlib.backends: DEBUG: backend TkAgg version unknown
root: INFO: 'create_logger'  0.00 ms
root: DEBUG: Person with interests arrays,sql,function,function,maven,asp.net,shell is buying a ticket to PyConLT
--------------------- >> end captured logging << ---------------------]]></error><system-out><![CDATA[['machinelearning', 'sklearn', 'spark', 'scala', '', '', 'docker', 'spark', '', 'sklearn']
]]></system-out></testcase></testsuite>